<?xml version="1.0" encoding="UTF-8"?>
<Site BuildName="Linux-g++"
	BuildStamp="20190819-0645-Experimental"
	Name="shadowleaf-manjaro"
	Generator="ctest-3.15.2"
	CompilerName="/bin/g++"
	CompilerVersion="9.1.0"
	OSName="Linux"
	Hostname="shadowleaf-manjaro"
	OSRelease="4.19.66-1-MANJARO"
	OSVersion="#1 SMP PREEMPT Fri Aug 9 18:01:53 UTC 2019"
	OSPlatform="x86_64"
	Is64Bits="1"
	VendorString="GenuineIntel"
	VendorID="Intel Corporation"
	FamilyID="6"
	ModelID="78"
	ProcessorCacheSize="3072"
	NumberOfLogicalCPU="4"
	NumberOfPhysicalCPU="2"
	TotalVirtualMemory="8199"
	TotalPhysicalMemory="3727"
	LogicalProcessorsPerPhysical="2"
	ProcessorClockFrequency="1964.24"
	>
	<Testing>
		<StartDateTime>Aug 19 12:15 IST</StartDateTime>
		<StartTestTime>1566197129</StartTestTime>
		<TestList/>
		<EndDateTime>Aug 19 12:15 IST</EndDateTime>
		<EndTestTime>1566197129</EndTestTime>
		<ElapsedMinutes>0</ElapsedMinutes>
	</Testing>
</Site>
